{"meta": {"format": 3, "version": "7.13.4", "timestamp": "2026-04-04T22:36:18.704159", "branch_coverage": false, "show_contexts": false}, "files": {"ralphfish/__init__.py": {"executed_lines": [3, 4, 5, 15, 16, 17, 18, 19, 28, 62], "summary": {"covered_lines": 10, "num_statements": 10, "percent_covered": 100.0, "percent_covered_display": "100", "missing_lines": 0, "excluded_lines": 0, "percent_statements_covered": 100.0, "percent_statements_covered_display": "100"}, "missing_lines": [], "excluded_lines": [], "functions": {"": {"executed_lines": [3, 4, 5, 15, 16, 17, 18, 19, 28, 62], "summary": {"covered_lines": 10, "num_statements": 10, "percent_covered": 100.0, "percent_covered_display": "100", "missing_lines": 0, "excluded_lines": 0, "percent_statements_covered": 100.0, "percent_statements_covered_display": "100"}, "missing_lines": [], "excluded_lines": [], "start_line": 1}}, "classes": {"": {"executed_lines": [3, 4, 5, 15, 16, 17, 18, 19, 28, 62], "summary": {"covered_lines": 10, "num_statements": 10, "percent_covered": 100.0, "percent_covered_display": "100", "missing_lines": 0, "excluded_lines": 0, "percent_statements_covered": 100.0, "percent_statements_covered_display": "100"}, "missing_lines": [], "excluded_lines": [], "start_line": 1}}}, "ralphfish/agent.py": {"executed_lines": [11, 12, 13, 15, 17, 18, 20, 23, 26, 30, 31, 32, 33, 34, 35, 39, 42, 47, 52, 59, 68, 86, 87, 88, 89, 90, 93, 94, 95, 96, 97, 99, 108, 120, 127, 128, 129, 131, 132, 140, 143, 144, 145, 147, 149, 151, 160, 167, 168, 176, 177, 180, 181, 182, 183, 188, 190, 192, 205, 207, 208, 209, 211, 212, 215, 224, 226, 243, 245, 246, 254, 255, 266, 268, 269, 277, 280, 295, 296, 298, 308, 310, 312, 314, 316, 318, 327, 336, 337, 340, 346, 349, 350, 352, 354, 364, 368, 373, 382, 383, 396, 405, 418, 422, 423, 427, 428, 436, 439, 454, 455, 456, 457, 462, 463, 465, 475, 477, 479, 487, 488, 495, 497, 514, 532, 533, 535, 536, 537, 543, 545, 550], "summary": {"covered_lines": 132, "num_statements": 149, "percent_covered": 88.59060402684564, "percent_covered_display": "89", "missing_lines": 17, "excluded_lines": 0, "percent_statements_covered": 88.59060402684564, "percent_statements_covered_display": "89"}, "missing_lines": [141, 142, 320, 321, 322, 323, 324, 325, 365, 397, 398, 403, 419, 424, 429, 433, 510], "excluded_lines": [], "functions": {"Agent.__init__": {"executed_lines": [86, 87, 88, 89, 90, 93, 94, 95, 96, 97, 99], "summary": {"covered_lines": 11, "num_statements": 11, "percent_covered": 100.0, "percent_covered_display": "100", "missing_lines": 0, "excluded_lines": 0, "percent_statements_covered": 100.0, "percent_statements_covered_display": "100"}, "missing_lines": [], "excluded_lines": [], "start_line": 68}, "Agent.render_system_prompt": {"executed_lines": [120, 127, 128, 129, 131, 132, 140, 143, 144, 145, 147], "summary": {"covered_lines": 11, "num_statements": 13, "percent_covered": 84.61538461538461, "percent_covered_display": "85", "missing_lines": 2, "excluded_lines": 0, "percent_statements_covered": 84.61538461538461, "percent_statements_covered_display": "85"}, "missing_lines": [141, 142], "excluded_lines": [], "start_line": 108}, "Agent._format_template": {"executed_lines": [151], "summary": {"covered_lines": 1, "num_statements": 1, "percent_covered": 100.0, "percent_covered_display": "100", "missing_lines": 0, "excluded_lines": 0, "percent_statements_covered": 100.0, "percent_statements_covered_display": "100"}, "missing_lines": [], "excluded_lines": [], "start_line": 149}, "Agent.add_message": {"executed_lines": [167, 168, 176, 177, 180, 181, 182, 183], "summary": {"covered_lines": 8, "num_statements": 8, "percent_covered": 100.0, "percent_covered_display": "100", "missing_lines": 0, "excluded_lines": 0, "percent_statements_covered": 100.0, "percent_statements_covered_display": "100"}, "missing_lines": [], "excluded_lines": [], "start_line": 160}, "Agent.start_new_round": {"executed_lines": [190], "summary": {"covered_lines": 1, "num_statements": 1, "percent_covered": 100.0, "percent_covered_display": "100", "missing_lines": 0, "excluded_lines": 0, "percent_statements_covered": 100.0, "percent_statements_covered_display": "100"}, "missing_lines": [], "excluded_lines": [], "start_line": 188}, "Agent.get_context_messages": {"executed_lines": [205, 207, 208, 209, 211, 212, 215, 224], "summary": {"covered_lines": 8, "num_statements": 8, "percent_covered": 100.0, "percent_covered_display": "100", "missing_lines": 0, "excluded_lines": 0, "percent_statements_covered": 100.0, "percent_statements_covered_display": "100"}, "missing_lines": [], "excluded_lines": [], "start_line": 192}, "Agent.generate_response": {"executed_lines": [243, 245, 246, 254, 255, 266, 268, 269, 277, 280, 295, 296, 298, 308], "summary": {"covered_lines": 14, "num_statements": 14, "percent_covered": 100.0, "percent_covered_display": "100", "missing_lines": 0, "excluded_lines": 0, "percent_statements_covered": 100.0, "percent_statements_covered_display": "100"}, "missing_lines": [], "excluded_lines": [], "start_line": 226}, "Agent.get_messages_by_round": {"executed_lines": [312], "summary": {"covered_lines": 1, "num_statements": 1, "percent_covered": 100.0, "percent_covered_display": "100", "missing_lines": 0, "excluded_lines": 0, "percent_statements_covered": 100.0, "percent_statements_covered_display": "100"}, "missing_lines": [], "excluded_lines": [], "start_line": 310}, "Agent.get_latest_message": {"executed_lines": [316], "summary": {"covered_lines": 1, "num_statements": 1, "percent_covered": 100.0, "percent_covered_display": "100", "missing_lines": 0, "excluded_lines": 0, "percent_statements_covered": 100.0, "percent_statements_covered_display": "100"}, "missing_lines": [], "excluded_lines": [], "start_line": 314}, "Agent.clear_history": {"executed_lines": [], "summary": {"covered_lines": 0, "num_statements": 6, "percent_covered": 0.0, "percent_covered_display": "0", "missing_lines": 6, "excluded_lines": 0, "percent_statements_covered": 0.0, "percent_statements_covered_display": "0"}, "missing_lines": [320, 321, 322, 323, 324, 325], "excluded_lines": [], "start_line": 318}, "Agent._should_summarize": {"executed_lines": [336, 337, 340, 346, 349, 350, 352], "summary": {"covered_lines": 7, "num_statements": 7, "percent_covered": 100.0, "percent_covered_display": "100", "missing_lines": 0, "excluded_lines": 0, "percent_statements_covered": 100.0, "percent_statements_covered_display": "100"}, "missing_lines": [], "excluded_lines": [], "start_line": 327}, "Agent._generate_summary": {"executed_lines": [364, 368, 373, 382, 383, 396], "summary": {"covered_lines": 6, "num_statements": 10, "percent_covered": 60.0, "percent_covered_display": "60", "missing_lines": 4, "excluded_lines": 0, "percent_statements_covered": 60.0, "percent_statements_covered_display": "60"}, "missing_lines": [365, 397, 398, 403], "excluded_lines": [], "start_line": 354}, "Agent.summarize_old_messages": {"executed_lines": [418, 422, 423, 427, 428, 436, 439, 454, 455, 456, 457, 462, 463, 465, 475], "summary": {"covered_lines": 15, "num_statements": 19, "percent_covered": 78.94736842105263, "percent_covered_display": "79", "missing_lines": 4, "excluded_lines": 0, "percent_statements_covered": 78.94736842105263, "percent_statements_covered_display": "79"}, "missing_lines": [419, 424, 429, 433], "excluded_lines": [], "start_line": 405}, "Agent.get_stats": {"executed_lines": [479, 487, 488, 495], "summary": {"covered_lines": 4, "num_statements": 4, "percent_covered": 100.0, "percent_covered_display": "100", "missing_lines": 0, "excluded_lines": 0, "percent_statements_covered": 100.0, "percent_statements_covered_display": "100"}, "missing_lines": [], "excluded_lines": [], "start_line": 477}, "Agent.maybe_summarize": {"executed_lines": [], "summary": {"covered_lines": 0, "num_statements": 1, "percent_covered": 0.0, "percent_covered_display": "0", "missing_lines": 1, "excluded_lines": 0, "percent_statements_covered": 0.0, "percent_statements_covered_display": "0"}, "missing_lines": [510], "excluded_lines": [], "start_line": 497}, "create_agents": {"executed_lines": [532, 533, 535, 536, 537, 543, 545, 550], "summary": {"covered_lines": 8, "num_statements": 8, "percent_covered": 100.0, "percent_covered_display": "100", "missing_lines": 0, "excluded_lines": 0, "percent_statements_covered": 100.0, "percent_statements_covered_display": "100"}, "missing_lines": [], "excluded_lines": [], "start_line": 514}, "": {"executed_lines": [11, 12, 13, 15, 17, 18, 20, 23, 26, 30, 31, 32, 33, 34, 35, 39, 42, 47, 52, 59, 68, 108, 149, 160, 188, 192, 226, 310, 314, 318, 327, 354, 405, 477, 497, 514], "summary": {"covered_lines": 36, "num_statements": 36, "percent_covered": 100.0, "percent_covered_display": "100", "missing_lines": 0, "excluded_lines": 0, "percent_statements_covered": 100.0, "percent_statements_covered_display": "100"}, "missing_lines": [], "excluded_lines": [], "start_line": 1}}, "classes": {"AgentConfig": {"executed_lines": [], "summary": {"covered_lines": 0, "num_statements": 0, "percent_covered": 100.0, "percent_covered_display": "100", "missing_lines": 0, "excluded_lines": 0, "percent_statements_covered": 100.0, "percent_statements_covered_display": "100"}, "missing_lines": [], "excluded_lines": [], "start_line": 23}, "Agent": {"executed_lines": [86, 87, 88, 89, 90, 93, 94, 95, 96, 97, 99, 120, 127, 128, 129, 131, 132, 140, 143, 144, 145, 147, 151, 167, 168, 176, 177, 180, 181, 182, 183, 190, 205, 207, 208, 209, 211, 212, 215, 224, 243, 245, 246, 254, 255, 266, 268, 269, 277, 280, 295, 296, 298, 308, 312, 316, 336, 337, 340, 346, 349, 350, 352, 364, 368, 373, 382, 383, 396, 418, 422, 423, 427, 428, 436, 439, 454, 455, 456, 457, 462, 463, 465, 475, 479, 487, 488, 495], "summary": {"covered_lines": 88, "num_statements": 105, "percent_covered": 83.80952380952381, "percent_covered_display": "84", "missing_lines": 17, "excluded_lines": 0, "percent_statements_covered": 83.80952380952381, "percent_statements_covered_display": "84"}, "missing_lines": [141, 142, 320, 321, 322, 323, 324, 325, 365, 397, 398, 403, 419, 424, 429, 433, 510], "excluded_lines": [], "start_line": 59}, "": {"executed_lines": [11, 12, 13, 15, 17, 18, 20, 23, 26, 30, 31, 32, 33, 34, 35, 39, 42, 47, 52, 59, 68, 108, 149, 160, 188, 192, 226, 310, 314, 318, 327, 354, 405, 477, 497, 514, 532, 533, 535, 536, 537, 543, 545, 550], "summary": {"covered_lines": 44, "num_statements": 44, "percent_covered": 100.0, "percent_covered_display": "100", "missing_lines": 0, "excluded_lines": 0, "percent_statements_covered": 100.0, "percent_statements_covered_display": "100"}, "missing_lines": [], "excluded_lines": [], "start_line": 1}}}, "ralphfish/client.py": {"executed_lines": [11, 12, 13, 14, 15, 16, 17, 19, 20, 22, 24, 28, 36, 39, 40, 43, 44, 45, 46, 47, 48, 49, 50, 51, 54, 57, 62, 63, 65, 66, 71, 81, 82, 83, 85, 89, 90, 92, 102, 104, 105, 107, 117, 119, 121, 123, 124, 125, 126, 127, 129, 130, 134, 136, 137, 138, 139, 141, 149, 150, 152, 153, 154, 155, 157, 161, 162, 164, 185, 188, 190, 191, 192, 194, 198, 199, 208, 220, 232, 233, 237, 239, 241, 243, 245, 253, 271, 272, 273, 275, 276, 277, 280, 284], "summary": {"covered_lines": 94, "num_statements": 95, "percent_covered": 98.94736842105263, "percent_covered_display": "99", "missing_lines": 1, "excluded_lines": 0, "percent_statements_covered": 98.94736842105263, "percent_statements_covered_display": "99"}, "missing_lines": [278], "excluded_lines": [], "functions": {"OpenRouterClient.__init__": {"executed_lines": [62, 63, 65, 66, 71, 81, 82, 83], "summary": {"covered_lines": 8, "num_statements": 8, "percent_covered": 100.0, "percent_covered_display": "100", "missing_lines": 0, "excluded_lines": 0, "percent_statements_covered": 100.0, "percent_statements_covered_display": "100"}, "missing_lines": [], "excluded_lines": [], "start_line": 57}, "OpenRouterClient._log_request": {"executed_lines": [89, 90, 92], "summary": {"covered_lines": 3, "num_statements": 3, "percent_covered": 100.0, "percent_covered_display": "100", "missing_lines": 0, "excluded_lines": 0, "percent_statements_covered": 100.0, "percent_statements_covered_display": "100"}, "missing_lines": [], "excluded_lines": [], "start_line": 85}, "OpenRouterClient._log_response": {"executed_lines": [104, 105, 107, 117], "summary": {"covered_lines": 4, "num_statements": 4, "percent_covered": 100.0, "percent_covered_display": "100", "missing_lines": 0, "excluded_lines": 0, "percent_statements_covered": 100.0, "percent_statements_covered_display": "100"}, "missing_lines": [], "excluded_lines": [], "start_line": 102}, "OpenRouterClient._execute_with_retry": {"executed_lines": [121, 123, 124, 125, 126, 127, 129, 130, 134, 136, 137, 138, 139, 141, 149, 150, 152, 153, 154, 155, 157, 161, 162], "summary": {"covered_lines": 23, "num_statements": 23, "percent_covered": 100.0, "percent_covered_display": "100", "missing_lines": 0, "excluded_lines": 0, "percent_statements_covered": 100.0, "percent_statements_covered_display": "100"}, "missing_lines": [], "excluded_lines": [], "start_line": 119}, "OpenRouterClient.chat_completion": {"executed_lines": [185, 188, 190, 191, 192, 194, 198, 199, 208, 220, 232, 233, 237], "summary": {"covered_lines": 13, "num_statements": 13, "percent_covered": 100.0, "percent_covered_display": "100", "missing_lines": 0, "excluded_lines": 0, "percent_statements_covered": 100.0, "percent_statements_covered_display": "100"}, "missing_lines": [], "excluded_lines": [], "start_line": 164}, "OpenRouterClient.close": {"executed_lines": [241], "summary": {"covered_lines": 1, "num_statements": 1, "percent_covered": 100.0, "percent_covered_display": "100", "missing_lines": 0, "excluded_lines": 0, "percent_statements_covered": 100.0, "percent_statements_covered_display": "100"}, "missing_lines": [], "excluded_lines": [], "start_line": 239}, "OpenRouterClient.get_stats": {"executed_lines": [245], "summary": {"covered_lines": 1, "num_statements": 1, "percent_covered": 100.0, "percent_covered_display": "100", "missing_lines": 0, "excluded_lines": 0, "percent_statements_covered": 100.0, "percent_statements_covered_display": "100"}, "missing_lines": [], "excluded_lines": [], "start_line": 243}, "simple_chat": {"executed_lines": [271, 272, 273, 275, 276, 277, 280], "summary": {"covered_lines": 7, "num_statements": 8, "percent_covered": 87.5, "percent_covered_display": "88", "missing_lines": 1, "excluded_lines": 0, "percent_statements_covered": 87.5, "percent_statements_covered_display": "88"}, "missing_lines": [278], "excluded_lines": [], "start_line": 253}, "": {"executed_lines": [11, 12, 13, 14, 15, 16, 17, 19, 20, 22, 24, 28, 36, 39, 40, 43, 44, 45, 46, 47, 48, 49, 50, 51, 54, 57, 85, 102, 119, 164, 239, 243, 253, 284], "summary": {"covered_lines": 34, "num_statements": 34, "percent_covered": 100.0, "percent_covered_display": "100", "missing_lines": 0, "excluded_lines": 0, "percent_statements_covered": 100.0, "percent_statements_covered_display": "100"}, "missing_lines": [], "excluded_lines": [], "start_line": 1}}, "classes": {"ClientConfig": {"executed_lines": [], "summary": {"covered_lines": 0, "num_statements": 0, "percent_covered": 100.0, "percent_covered_display": "100", "missing_lines": 0, "excluded_lines": 0, "percent_statements_covered": 100.0, "percent_statements_covered_display": "100"}, "missing_lines": [], "excluded_lines": [], "start_line": 40}, "OpenRouterClient": {"executed_lines": [62, 63, 65, 66, 71, 81, 82, 83, 89, 90, 92, 104, 105, 107, 117, 121, 123, 124, 125, 126, 127, 129, 130, 134, 136, 137, 138, 139, 141, 149, 150, 152, 153, 154, 155, 157, 161, 162, 185, 188, 190, 191, 192, 194, 198, 199, 208, 220, 232, 233, 237, 241, 245], "summary": {"covered_lines": 53, "num_statements": 53, "percent_covered": 100.0, "percent_covered_display": "100", "missing_lines": 0, "excluded_lines": 0, "percent_statements_covered": 100.0, "percent_statements_covered_display": "100"}, "missing_lines": [], "excluded_lines": [], "start_line": 54}, "": {"executed_lines": [11, 12, 13, 14, 15, 16, 17, 19, 20, 22, 24, 28, 36, 39, 40, 43, 44, 45, 46, 47, 48, 49, 50, 51, 54, 57, 85, 102, 119, 164, 239, 243, 253, 271, 272, 273, 275, 276, 277, 280, 284], "summary": {"covered_lines": 41, "num_statements": 42, "percent_covered": 97.61904761904762, "percent_covered_display": "98", "missing_lines": 1, "excluded_lines": 0, "percent_statements_covered": 97.61904761904762, "percent_statements_covered_display": "98"}, "missing_lines": [278], "excluded_lines": [], "start_line": 1}}}, "ralphfish/executor.py": {"executed_lines": [9, 10, 11, 12, 13, 15, 18, 32, 59, 60, 61, 62, 64, 65, 66, 67, 68, 71, 73, 81, 91, 92, 93, 94, 97, 100, 104, 105, 107, 109, 110, 116, 118, 124, 125, 128, 130, 142, 144, 145, 148, 151, 154, 159, 162, 164, 174, 176, 189, 202, 211, 213, 215, 218, 220, 222, 223, 224, 226, 227, 228, 229, 231, 233, 235, 236, 238, 239, 240, 243, 245, 247, 248, 249, 250, 251, 252, 254, 256, 257, 258, 260, 267, 268, 269, 272, 292, 303, 326, 328, 329, 342, 349], "summary": {"covered_lines": 93, "num_statements": 123, "percent_covered": 75.60975609756098, "percent_covered_display": "76", "missing_lines": 30, "excluded_lines": 0, "percent_statements_covered": 75.60975609756098, "percent_statements_covered_display": "76"}, "missing_lines": [101, 112, 113, 114, 126, 184, 187, 197, 200, 270, 273, 274, 275, 276, 277, 281, 282, 289, 290, 294, 295, 296, 297, 298, 299, 336, 337, 338, 339, 340], "excluded_lines": [], "functions": {"LoopExecutor.__init__": {"executed_lines": [59, 60, 61, 62, 64, 65, 66, 67, 68, 71], "summary": {"covered_lines": 10, "num_statements": 10, "percent_covered": 100.0, "percent_covered_display": "100", "missing_lines": 0, "excluded_lines": 0, "percent_statements_covered": 100.0, "percent_statements_covered_display": "100"}, "missing_lines": [], "excluded_lines": [], "start_line": 32}, "LoopExecutor.run": {"executed_lines": [81, 91, 92, 93, 94, 97, 100, 104, 105, 107, 109, 110], "summary": {"covered_lines": 12, "num_statements": 16, "percent_covered": 75.0, "percent_covered_display": "75", "missing_lines": 4, "excluded_lines": 0, "percent_statements_covered": 75.0, "percent_statements_covered_display": "75"}, "missing_lines": [101, 112, 113, 114], "excluded_lines": [], "start_line": 73}, "LoopExecutor._execute_round": {"executed_lines": [118, 124, 125, 128], "summary": {"covered_lines": 4, "num_statements": 5, "percent_covered": 80.0, "percent_covered_display": "80", "missing_lines": 1, "excluded_lines": 0, "percent_statements_covered": 80.0, "percent_statements_covered_display": "80"}, "missing_lines": [126], "excluded_lines": [], "start_line": 116}, "LoopExecutor._execute_discussion": {"executed_lines": [142, 144, 145, 148, 151, 154, 159, 162, 164, 174], "summary": {"covered_lines": 10, "num_statements": 10, "percent_covered": 100.0, "percent_covered_display": "100", "missing_lines": 0, "excluded_lines": 0, "percent_statements_covered": 100.0, "percent_statements_covered_display": "100"}, "missing_lines": [], "excluded_lines": [], "start_line": 130}, "LoopExecutor._execute_debate": {"executed_lines": [], "summary": {"covered_lines": 0, "num_statements": 2, "percent_covered": 0.0, "percent_covered_display": "0", "missing_lines": 2, "excluded_lines": 0, "percent_statements_covered": 0.0, "percent_statements_covered_display": "0"}, "missing_lines": [184, 187], "excluded_lines": [], "start_line": 176}, "LoopExecutor._execute_voting": {"executed_lines": [], "summary": {"covered_lines": 0, "num_statements": 2, "percent_covered": 0.0, "percent_covered_display": "0", "missing_lines": 2, "excluded_lines": 0, "percent_statements_covered": 0.0, "percent_statements_covered_display": "0"}, "missing_lines": [197, 200], "excluded_lines": [], "start_line": 189}, "LoopExecutor._get_visible_messages": {"executed_lines": [211, 213, 215, 218], "summary": {"covered_lines": 4, "num_statements": 4, "percent_covered": 100.0, "percent_covered_display": "100", "missing_lines": 0, "excluded_lines": 0, "percent_statements_covered": 100.0, "percent_statements_covered_display": "100"}, "missing_lines": [], "excluded_lines": [], "start_line": 202}, "LoopExecutor._format_conversation": {"executed_lines": [222, 223, 224, 226, 227, 228, 229], "summary": {"covered_lines": 7, "num_statements": 7, "percent_covered": 100.0, "percent_covered_display": "100", "missing_lines": 0, "excluded_lines": 0, "percent_statements_covered": 100.0, "percent_statements_covered_display": "100"}, "missing_lines": [], "excluded_lines": [], "start_line": 220}, "LoopExecutor._build_round_intro": {"executed_lines": [233, 235, 236, 238, 239, 240, 243], "summary": {"covered_lines": 7, "num_statements": 7, "percent_covered": 100.0, "percent_covered_display": "100", "missing_lines": 0, "excluded_lines": 0, "percent_statements_covered": 100.0, "percent_statements_covered_display": "100"}, "missing_lines": [], "excluded_lines": [], "start_line": 231}, "LoopExecutor._combine_contexts": {"executed_lines": [247, 248, 249, 250, 251, 252], "summary": {"covered_lines": 6, "num_statements": 6, "percent_covered": 100.0, "percent_covered_display": "100", "missing_lines": 0, "excluded_lines": 0, "percent_statements_covered": 100.0, "percent_statements_covered_display": "100"}, "missing_lines": [], "excluded_lines": [], "start_line": 245}, "LoopExecutor._broadcast": {"executed_lines": [256, 257, 258], "summary": {"covered_lines": 3, "num_statements": 3, "percent_covered": 100.0, "percent_covered_display": "100", "missing_lines": 0, "excluded_lines": 0, "percent_statements_covered": 100.0, "percent_statements_covered_display": "100"}, "missing_lines": [], "excluded_lines": [], "start_line": 254}, "LoopExecutor._maybe_summarize_all_agents": {"executed_lines": [267, 268, 269, 272], "summary": {"covered_lines": 4, "num_statements": 14, "percent_covered": 28.571428571428573, "percent_covered_display": "29", "missing_lines": 10, "excluded_lines": 0, "percent_statements_covered": 28.571428571428573, "percent_statements_covered_display": "29"}, "missing_lines": [270, 273, 274, 275, 276, 277, 281, 282, 289, 290], "excluded_lines": [], "start_line": 260}, "LoopExecutor._safe_call_round_complete": {"executed_lines": [], "summary": {"covered_lines": 0, "num_statements": 6, "percent_covered": 0.0, "percent_covered_display": "0", "missing_lines": 6, "excluded_lines": 0, "percent_statements_covered": 0.0, "percent_statements_covered_display": "0"}, "missing_lines": [294, 295, 296, 297, 298, 299], "excluded_lines": [], "start_line": 292}, "run_simulation": {"executed_lines": [326, 328, 329, 342, 349], "summary": {"covered_lines": 5, "num_statements": 10, "percent_covered": 50.0, "percent_covered_display": "50", "missing_lines": 5, "excluded_lines": 0, "percent_statements_covered": 50.0, "percent_statements_covered_display": "50"}, "missing_lines": [336, 337, 338, 339, 340], "excluded_lines": [], "start_line": 303}, "": {"executed_lines": [9, 10, 11, 12, 13, 15, 18, 32, 73, 116, 130, 176, 189, 202, 220, 231, 245, 254, 260, 292, 303], "summary": {"covered_lines": 21, "num_statements": 21, "percent_covered": 100.0, "percent_covered_display": "100", "missing_lines": 0, "excluded_lines": 0, "percent_statements_covered": 100.0, "percent_statements_covered_display": "100"}, "missing_lines": [], "excluded_lines": [], "start_line": 1}}, "classes": {"LoopExecutor": {"executed_lines": [59, 60, 61, 62, 64, 65, 66, 67, 68, 71, 81, 91, 92, 93, 94, 97, 100, 104, 105, 107, 109, 110, 118, 124, 125, 128, 142, 144, 145, 148, 151, 154, 159, 162, 164, 174, 211, 213, 215, 218, 222, 223, 224, 226, 227, 228, 229, 233, 235, 236, 238, 239, 240, 243, 247, 248, 249, 250, 251, 252, 256, 257, 258, 267, 268, 269, 272], "summary": {"covered_lines": 67, "num_statements": 92, "percent_covered": 72.82608695652173, "percent_covered_display": "73", "missing_lines": 25, "excluded_lines": 0, "percent_statements_covered": 72.82608695652173, "percent_statements_covered_display": "73"}, "missing_lines": [101, 112, 113, 114, 126, 184, 187, 197, 200, 270, 273, 274, 275, 276, 277, 281, 282, 289, 290, 294, 295, 296, 297, 298, 299], "excluded_lines": [], "start_line": 18}, "": {"executed_lines": [9, 10, 11, 12, 13, 15, 18, 32, 73, 116, 130, 176, 189, 202, 220, 231, 245, 254, 260, 292, 303, 326, 328, 329, 342, 349], "summary": {"covered_lines": 26, "num_statements": 31, "percent_covered": 83.87096774193549, "percent_covered_display": "84", "missing_lines": 5, "excluded_lines": 0, "percent_statements_covered": 83.87096774193549, "percent_statements_covered_display": "84"}, "missing_lines": [336, 337, 338, 339, 340], "excluded_lines": [], "start_line": 1}}}, "ralphfish/models.py": {"executed_lines": [8, 9, 10, 12, 15, 18, 19, 20, 23, 29, 30, 31, 32, 34, 35, 40, 45, 47, 48, 52, 58, 65, 67, 68, 69, 75, 84, 85, 86, 87, 90, 94, 98, 121, 129, 130, 131, 132, 133, 135, 143, 150, 153, 154, 155, 156, 157, 158, 159, 161, 168, 170, 172, 176, 178, 184, 186, 201, 203, 204, 208, 218, 237], "summary": {"covered_lines": 63, "num_statements": 86, "percent_covered": 73.25581395348837, "percent_covered_display": "73", "missing_lines": 23, "excluded_lines": 0, "percent_statements_covered": 73.25581395348837, "percent_statements_covered_display": "73"}, "missing_lines": [54, 55, 70, 71, 72, 108, 111, 137, 138, 139, 140, 163, 164, 165, 166, 174, 179, 181, 182, 196, 197, 198, 199], "excluded_lines": [], "functions": {"Fact.update_confidence": {"executed_lines": [], "summary": {"covered_lines": 0, "num_statements": 2, "percent_covered": 0.0, "percent_covered_display": "0", "missing_lines": 2, "excluded_lines": 0, "percent_statements_covered": 0.0, "percent_statements_covered_display": "0"}, "missing_lines": [54, 55], "excluded_lines": [], "start_line": 52}, "Dissent.validate_unique_agents": {"executed_lines": [], "summary": {"covered_lines": 0, "num_statements": 3, "percent_covered": 0.0, "percent_covered_display": "0", "missing_lines": 3, "excluded_lines": 0, "percent_statements_covered": 0.0, "percent_statements_covered_display": "0"}, "missing_lines": [70, 71, 72], "excluded_lines": [], "start_line": 69}, "AgentPersona.render_prompt": {"executed_lines": [], "summary": {"covered_lines": 0, "num_statements": 2, "percent_covered": 0.0, "percent_covered_display": "0", "missing_lines": 2, "excluded_lines": 0, "percent_statements_covered": 0.0, "percent_statements_covered_display": "0"}, "missing_lines": [108, 111], "excluded_lines": [], "start_line": 98}, "Scenario.to_prompt": {"executed_lines": [], "summary": {"covered_lines": 0, "num_statements": 4, "percent_covered": 0.0, "percent_covered_display": "0", "missing_lines": 4, "excluded_lines": 0, "percent_statements_covered": 0.0, "percent_statements_covered_display": "0"}, "missing_lines": [137, 138, 139, 140], "excluded_lines": [], "start_line": 135}, "SimulationState.get_agent": {"executed_lines": [], "summary": {"covered_lines": 0, "num_statements": 4, "percent_covered": 0.0, "percent_covered_display": "0", "missing_lines": 4, "excluded_lines": 0, "percent_statements_covered": 0.0, "percent_statements_covered_display": "0"}, "missing_lines": [163, 164, 165, 166], "excluded_lines": [], "start_line": 161}, "SimulationState.get_round_messages": {"executed_lines": [170], "summary": {"covered_lines": 1, "num_statements": 1, "percent_covered": 100.0, "percent_covered_display": "100", "missing_lines": 0, "excluded_lines": 0, "percent_statements_covered": 100.0, "percent_statements_covered_display": "100"}, "missing_lines": [], "excluded_lines": [], "start_line": 168}, "SimulationState.get_fact": {"executed_lines": [], "summary": {"covered_lines": 0, "num_statements": 1, "percent_covered": 0.0, "percent_covered_display": "0", "missing_lines": 1, "excluded_lines": 0, "percent_statements_covered": 0.0, "percent_statements_covered_display": "0"}, "missing_lines": [174], "excluded_lines": [], "start_line": 172}, "SimulationState.add_fact": {"executed_lines": [178, 184], "summary": {"covered_lines": 2, "num_statements": 5, "percent_covered": 40.0, "percent_covered_display": "40", "missing_lines": 3, "excluded_lines": 0, "percent_statements_covered": 40.0, "percent_statements_covered_display": "40"}, "missing_lines": [179, 181, 182], "excluded_lines": [], "start_line": 176}, "SimulationState.to_dict": {"executed_lines": [], "summary": {"covered_lines": 0, "num_statements": 4, "percent_covered": 0.0, "percent_covered_display": "0", "missing_lines": 4, "excluded_lines": 0, "percent_statements_covered": 0.0, "percent_statements_covered_display": "0"}, "missing_lines": [196, 197, 198, 199], "excluded_lines": [], "start_line": 186}, "SimulationState.get_round_summary": {"executed_lines": [203, 204, 208], "summary": {"covered_lines": 3, "num_statements": 3, "percent_covered": 100.0, "percent_covered_display": "100", "missing_lines": 0, "excluded_lines": 0, "percent_statements_covered": 100.0, "percent_statements_covered_display": "100"}, "missing_lines": [], "excluded_lines": [], "start_line": 201}, "": {"executed_lines": [8, 9, 10, 12, 15, 18, 19, 20, 23, 29, 30, 31, 32, 34, 35, 40, 45, 47, 48, 52, 58, 65, 67, 68, 69, 75, 84, 85, 86, 87, 90, 94, 98, 121, 129, 130, 131, 132, 133, 135, 143, 150, 153, 154, 155, 156, 157, 158, 159, 161, 168, 172, 176, 186, 201, 218, 237], "summary": {"covered_lines": 57, "num_statements": 57, "percent_covered": 100.0, "percent_covered_display": "100", "missing_lines": 0, "excluded_lines": 0, "percent_statements_covered": 100.0, "percent_statements_covered_display": "100"}, "missing_lines": [], "excluded_lines": [], "start_line": 1}}, "classes": {"InteractionProtocol": {"executed_lines": [], "summary": {"covered_lines": 0, "num_statements": 0, "percent_covered": 100.0, "percent_covered_display": "100", "missing_lines": 0, "excluded_lines": 0, "percent_statements_covered": 100.0, "percent_statements_covered_display": "100"}, "missing_lines": [], "excluded_lines": [], "start_line": 15}, "Message": {"executed_lines": [], "summary": {"covered_lines": 0, "num_statements": 0, "percent_covered": 100.0, "percent_covered_display": "100", "missing_lines": 0, "excluded_lines": 0, "percent_statements_covered": 100.0, "percent_statements_covered_display": "100"}, "missing_lines": [], "excluded_lines": [], "start_line": 23}, "Message.Config": {"executed_lines": [], "summary": {"covered_lines": 0, "num_statements": 0, "percent_covered": 100.0, "percent_covered_display": "100", "missing_lines": 0, "excluded_lines": 0, "percent_statements_covered": 100.0, "percent_statements_covered_display": "100"}, "missing_lines": [], "excluded_lines": [], "start_line": 34}, "Fact": {"executed_lines": [], "summary": {"covered_lines": 0, "num_statements": 2, "percent_covered": 0.0, "percent_covered_display": "0", "missing_lines": 2, "excluded_lines": 0, "percent_statements_covered": 0.0, "percent_statements_covered_display": "0"}, "missing_lines": [54, 55], "excluded_lines": [], "start_line": 40}, "Dissent": {"executed_lines": [], "summary": {"covered_lines": 0, "num_statements": 3, "percent_covered": 0.0, "percent_covered_display": "0", "missing_lines": 3, "excluded_lines": 0, "percent_statements_covered": 0.0, "percent_statements_covered_display": "0"}, "missing_lines": [70, 71, 72], "excluded_lines": [], "start_line": 58}, "AgentPersona": {"executed_lines": [], "summary": {"covered_lines": 0, "num_statements": 2, "percent_covered": 0.0, "percent_covered_display": "0", "missing_lines": 2, "excluded_lines": 0, "percent_statements_covered": 0.0, "percent_statements_covered_display": "0"}, "missing_lines": [108, 111], "excluded_lines": [], "start_line": 75}, "Scenario": {"executed_lines": [], "summary": {"covered_lines": 0, "num_statements": 4, "percent_covered": 0.0, "percent_covered_display": "0", "missing_lines": 4, "excluded_lines": 0, "percent_statements_covered": 0.0, "percent_statements_covered_display": "0"}, "missing_lines": [137, 138, 139, 140], "excluded_lines": [], "start_line": 121}, "SimulationState": {"executed_lines": [170, 178, 184, 203, 204, 208], "summary": {"covered_lines": 6, "num_statements": 18, "percent_covered": 33.333333333333336, "percent_covered_display": "33", "missing_lines": 12, "excluded_lines": 0, "percent_statements_covered": 33.333333333333336, "percent_statements_covered_display": "33"}, "missing_lines": [163, 164, 165, 166, 174, 179, 181, 182, 196, 197, 198, 199], "excluded_lines": [], "start_line": 143}, "": {"executed_lines": [8, 9, 10, 12, 15, 18, 19, 20, 23, 29, 30, 31, 32, 34, 35, 40, 45, 47, 48, 52, 58, 65, 67, 68, 69, 75, 84, 85, 86, 87, 90, 94, 98, 121, 129, 130, 131, 132, 133, 135, 143, 150, 153, 154, 155, 156, 157, 158, 159, 161, 168, 172, 176, 186, 201, 218, 237], "summary": {"covered_lines": 57, "num_statements": 57, "percent_covered": 100.0, "percent_covered_display": "100", "missing_lines": 0, "excluded_lines": 0, "percent_statements_covered": 100.0, "percent_statements_covered_display": "100"}, "missing_lines": [], "excluded_lines": [], "start_line": 1}}}, "ralphfish/parser.py": {"executed_lines": [13, 14, 15, 16, 17, 18, 20, 21, 23, 26, 81, 84, 90, 91, 92, 94, 112, 113, 114, 117, 120, 121, 133, 136, 148, 150, 151, 152, 153, 154, 156, 157, 158, 161, 164, 171, 172, 173, 174, 177, 189, 198, 208, 210, 213, 215, 216, 217, 219, 221, 222, 223, 225, 236, 237, 239, 240, 241, 245, 261, 263, 264, 265, 266, 267, 269, 273], "summary": {"covered_lines": 67, "num_statements": 67, "percent_covered": 100.0, "percent_covered_display": "100", "missing_lines": 0, "excluded_lines": 0, "percent_statements_covered": 100.0, "percent_statements_covered_display": "100"}, "missing_lines": [], "excluded_lines": [], "functions": {"SeedParser.__init__": {"executed_lines": [90, 91, 92], "summary": {"covered_lines": 3, "num_statements": 3, "percent_covered": 100.0, "percent_covered_display": "100", "missing_lines": 0, "excluded_lines": 0, "percent_statements_covered": 100.0, "percent_statements_covered_display": "100"}, "missing_lines": [], "excluded_lines": [], "start_line": 84}, "SeedParser.parse": {"executed_lines": [112, 113, 114, 117, 120, 121, 133, 136, 148, 150, 151, 152, 153, 154, 156, 157, 158, 161, 164, 171, 172, 173, 174, 177, 189, 198, 208], "summary": {"covered_lines": 27, "num_statements": 27, "percent_covered": 100.0, "percent_covered_display": "100", "missing_lines": 0, "excluded_lines": 0, "percent_statements_covered": 100.0, "percent_statements_covered_display": "100"}, "missing_lines": [], "excluded_lines": [], "start_line": 94}, "SeedParser._fact_key_from_statement": {"executed_lines": [213, 215, 216, 217], "summary": {"covered_lines": 4, "num_statements": 4, "percent_covered": 100.0, "percent_covered_display": "100", "missing_lines": 0, "excluded_lines": 0, "percent_statements_covered": 100.0, "percent_statements_covered_display": "100"}, "missing_lines": [], "excluded_lines": [], "start_line": 210}, "SeedParser._extract_title": {"executed_lines": [221, 222, 223], "summary": {"covered_lines": 3, "num_statements": 3, "percent_covered": 100.0, "percent_covered_display": "100", "missing_lines": 0, "excluded_lines": 0, "percent_statements_covered": 100.0, "percent_statements_covered_display": "100"}, "missing_lines": [], "excluded_lines": [], "start_line": 219}, "SeedParser.parse_batch": {"executed_lines": [236, 237, 239, 240, 241], "summary": {"covered_lines": 5, "num_statements": 5, "percent_covered": 100.0, "percent_covered_display": "100", "missing_lines": 0, "excluded_lines": 0, "percent_statements_covered": 100.0, "percent_statements_covered_display": "100"}, "missing_lines": [], "excluded_lines": [], "start_line": 225}, "parse_seed": {"executed_lines": [261, 263, 264, 265, 266, 267, 269], "summary": {"covered_lines": 7, "num_statements": 7, "percent_covered": 100.0, "percent_covered_display": "100", "missing_lines": 0, "excluded_lines": 0, "percent_statements_covered": 100.0, "percent_statements_covered_display": "100"}, "missing_lines": [], "excluded_lines": [], "start_line": 245}, "": {"executed_lines": [13, 14, 15, 16, 17, 18, 20, 21, 23, 26, 81, 84, 94, 210, 219, 225, 245, 273], "summary": {"covered_lines": 18, "num_statements": 18, "percent_covered": 100.0, "percent_covered_display": "100", "missing_lines": 0, "excluded_lines": 0, "percent_statements_covered": 100.0, "percent_statements_covered_display": "100"}, "missing_lines": [], "excluded_lines": [], "start_line": 1}}, "classes": {"SeedParser": {"executed_lines": [90, 91, 92, 112, 113, 114, 117, 120, 121, 133, 136, 148, 150, 151, 152, 153, 154, 156, 157, 158, 161, 164, 171, 172, 173, 174, 177, 189, 198, 208, 213, 215, 216, 217, 221, 222, 223, 236, 237, 239, 240, 241], "summary": {"covered_lines": 42, "num_statements": 42, "percent_covered": 100.0, "percent_covered_display": "100", "missing_lines": 0, "excluded_lines": 0, "percent_statements_covered": 100.0, "percent_statements_covered_display": "100"}, "missing_lines": [], "excluded_lines": [], "start_line": 81}, "": {"executed_lines": [13, 14, 15, 16, 17, 18, 20, 21, 23, 26, 81, 84, 94, 210, 219, 225, 245, 261, 263, 264, 265, 266, 267, 269, 273], "summary": {"covered_lines": 25, "num_statements": 25, "percent_covered": 100.0, "percent_covered_display": "100", "missing_lines": 0, "excluded_lines": 0, "percent_statements_covered": 100.0, "percent_statements_covered_display": "100"}, "missing_lines": [], "excluded_lines": [], "start_line": 1}}}, "ralphfish/persona_generator.py": {"executed_lines": [8, 9, 10, 11, 13, 15, 18, 21, 22, 23, 24, 25, 26, 27, 28, 29, 30, 31, 32, 33, 34, 35, 38, 41, 42, 43, 44, 47, 50, 51, 52, 53, 54, 55, 56, 57, 60, 61, 68, 69, 70, 71, 72, 73, 74, 75, 76, 78, 80, 81, 84, 85, 92, 93, 94, 95, 96, 97, 98, 99, 101, 102, 104, 525, 536, 543, 545, 562, 563, 565, 566, 569, 570, 573, 574, 576, 578, 581, 582, 583, 584, 587, 588, 594, 595, 596, 597, 600, 602, 612, 633, 634, 636, 637, 639, 640, 642, 644, 645, 649, 656, 657, 659, 661, 663, 664, 665, 666, 671, 673, 674, 675, 677, 679, 680, 682, 686, 689, 690, 691, 692, 697, 703, 705, 709, 710, 711, 712, 714, 717, 720, 722, 724, 725, 726, 727, 729, 730, 732, 734, 735, 739], "summary": {"covered_lines": 142, "num_statements": 149, "percent_covered": 95.30201342281879, "percent_covered_display": "95", "missing_lines": 7, "excluded_lines": 0, "percent_statements_covered": 95.30201342281879, "percent_statements_covered_display": "95"}, "missing_lines": [646, 647, 651, 669, 698, 701, 718], "excluded_lines": [], "functions": {"PersonaConstraints.validate": {"executed_lines": [80, 81], "summary": {"covered_lines": 2, "num_statements": 2, "percent_covered": 100.0, "percent_covered_display": "100", "missing_lines": 0, "excluded_lines": 0, "percent_statements_covered": 100.0, "percent_statements_covered_display": "100"}, "missing_lines": [], "excluded_lines": [], "start_line": 78}, "PersonaGeneratorConfig.get_default": {"executed_lines": [104], "summary": {"covered_lines": 1, "num_statements": 1, "percent_covered": 100.0, "percent_covered_display": "100", "missing_lines": 0, "excluded_lines": 0, "percent_statements_covered": 100.0, "percent_statements_covered_display": "100"}, "missing_lines": [], "excluded_lines": [], "start_line": 102}, "PersonaGenerator.__init__": {"executed_lines": [543], "summary": {"covered_lines": 1, "num_statements": 1, "percent_covered": 100.0, "percent_covered_display": "100", "missing_lines": 0, "excluded_lines": 0, "percent_statements_covered": 100.0, "percent_statements_covered_display": "100"}, "missing_lines": [], "excluded_lines": [], "start_line": 536}, "PersonaGenerator.generate": {"executed_lines": [562, 563, 565, 566, 569, 570, 573, 574, 576, 578, 581, 582, 583, 584, 587, 588, 594, 595, 596, 597, 600, 602], "summary": {"covered_lines": 22, "num_statements": 22, "percent_covered": 100.0, "percent_covered_display": "100", "missing_lines": 0, "excluded_lines": 0, "percent_statements_covered": 100.0, "percent_statements_covered_display": "100"}, "missing_lines": [], "excluded_lines": [], "start_line": 545}, "PersonaGenerator.generate_batch": {"executed_lines": [633, 634, 636, 637, 639, 640, 642, 644, 645, 649, 656, 657, 659], "summary": {"covered_lines": 13, "num_statements": 16, "percent_covered": 81.25, "percent_covered_display": "81", "missing_lines": 3, "excluded_lines": 0, "percent_statements_covered": 81.25, "percent_statements_covered_display": "81"}, "missing_lines": [646, 647, 651], "excluded_lines": [], "start_line": 612}, "PersonaGenerator._generate_name": {"executed_lines": [663, 664, 665, 666], "summary": {"covered_lines": 4, "num_statements": 5, "percent_covered": 80.0, "percent_covered_display": "80", "missing_lines": 1, "excluded_lines": 0, "percent_statements_covered": 80.0, "percent_statements_covered_display": "80"}, "missing_lines": [669], "excluded_lines": [], "start_line": 661}, "PersonaGenerator._select_gender": {"executed_lines": [673, 674, 675], "summary": {"covered_lines": 3, "num_statements": 3, "percent_covered": 100.0, "percent_covered_display": "100", "missing_lines": 0, "excluded_lines": 0, "percent_statements_covered": 100.0, "percent_statements_covered_display": "100"}, "missing_lines": [], "excluded_lines": [], "start_line": 671}, "PersonaGenerator._select_nationality": {"executed_lines": [679, 680], "summary": {"covered_lines": 2, "num_statements": 2, "percent_covered": 100.0, "percent_covered_display": "100", "missing_lines": 0, "excluded_lines": 0, "percent_statements_covered": 100.0, "percent_statements_covered_display": "100"}, "missing_lines": [], "excluded_lines": [], "start_line": 677}, "PersonaGenerator._select_traits": {"executed_lines": [686, 689, 690, 691, 692, 697, 703], "summary": {"covered_lines": 7, "num_statements": 9, "percent_covered": 77.77777777777777, "percent_covered_display": "78", "missing_lines": 2, "excluded_lines": 0, "percent_statements_covered": 77.77777777777777, "percent_statements_covered_display": "78"}, "missing_lines": [698, 701], "excluded_lines": [], "start_line": 682}, "PersonaGenerator._select_goals": {"executed_lines": [709, 710, 711, 712, 714, 717, 720], "summary": {"covered_lines": 7, "num_statements": 8, "percent_covered": 87.5, "percent_covered_display": "88", "missing_lines": 1, "excluded_lines": 0, "percent_statements_covered": 87.5, "percent_statements_covered_display": "88"}, "missing_lines": [718], "excluded_lines": [], "start_line": 705}, "PersonaGenerator._select_biases": {"executed_lines": [724, 725, 726, 727, 729, 730], "summary": {"covered_lines": 6, "num_statements": 6, "percent_covered": 100.0, "percent_covered_display": "100", "missing_lines": 0, "excluded_lines": 0, "percent_statements_covered": 100.0, "percent_statements_covered_display": "100"}, "missing_lines": [], "excluded_lines": [], "start_line": 722}, "PersonaGenerator._select_communication_style": {"executed_lines": [734, 735], "summary": {"covered_lines": 2, "num_statements": 2, "percent_covered": 100.0, "percent_covered_display": "100", "missing_lines": 0, "excluded_lines": 0, "percent_statements_covered": 100.0, "percent_statements_covered_display": "100"}, "missing_lines": [], "excluded_lines": [], "start_line": 732}, "": {"executed_lines": [8, 9, 10, 11, 13, 15, 18, 21, 22, 23, 24, 25, 26, 27, 28, 29, 30, 31, 32, 33, 34, 35, 38, 41, 42, 43, 44, 47, 50, 51, 52, 53, 54, 55, 56, 57, 60, 61, 68, 69, 70, 71, 72, 73, 74, 75, 76, 78, 84, 85, 92, 93, 94, 95, 96, 97, 98, 99, 101, 102, 525, 536, 545, 612, 661, 671, 677, 682, 705, 722, 732, 739], "summary": {"covered_lines": 72, "num_statements": 72, "percent_covered": 100.0, "percent_covered_display": "100", "missing_lines": 0, "excluded_lines": 0, "percent_statements_covered": 100.0, "percent_statements_covered_display": "100"}, "missing_lines": [], "excluded_lines": [], "start_line": 1}}, "classes": {"Archetype": {"executed_lines": [], "summary": {"covered_lines": 0, "num_statements": 0, "percent_covered": 100.0, "percent_covered_display": "100", "missing_lines": 0, "excluded_lines": 0, "percent_statements_covered": 100.0, "percent_statements_covered_display": "100"}, "missing_lines": [], "excluded_lines": [], "start_line": 18}, "Gender": {"executed_lines": [], "summary": {"covered_lines": 0, "num_statements": 0, "percent_covered": 100.0, "percent_covered_display": "100", "missing_lines": 0, "excluded_lines": 0, "percent_statements_covered": 100.0, "percent_statements_covered_display": "100"}, "missing_lines": [], "excluded_lines": [], "start_line": 38}, "CommunicationStyle": {"executed_lines": [], "summary": {"covered_lines": 0, "num_statements": 0, "percent_covered": 100.0, "percent_covered_display": "100", "missing_lines": 0, "excluded_lines": 0, "percent_statements_covered": 100.0, "percent_statements_covered_display": "100"}, "missing_lines": [], "excluded_lines": [], "start_line": 47}, "PersonaConstraints": {"executed_lines": [80, 81], "summary": {"covered_lines": 2, "num_statements": 2, "percent_covered": 100.0, "percent_covered_display": "100", "missing_lines": 0, "excluded_lines": 0, "percent_statements_covered": 100.0, "percent_statements_covered_display": "100"}, "missing_lines": [], "excluded_lines": [], "start_line": 61}, "PersonaGeneratorConfig": {"executed_lines": [104], "summary": {"covered_lines": 1, "num_statements": 1, "percent_covered": 100.0, "percent_covered_display": "100", "missing_lines": 0, "excluded_lines": 0, "percent_statements_covered": 100.0, "percent_statements_covered_display": "100"}, "missing_lines": [], "excluded_lines": [], "start_line": 85}, "PersonaGenerator": {"executed_lines": [543, 562, 563, 565, 566, 569, 570, 573, 574, 576, 578, 581, 582, 583, 584, 587, 588, 594, 595, 596, 597, 600, 602, 633, 634, 636, 637, 639, 640, 642, 644, 645, 649, 656, 657, 659, 663, 664, 665, 666, 673, 674, 675, 679, 680, 686, 689, 690, 691, 692, 697, 703, 709, 710, 711, 712, 714, 717, 720, 724, 725, 726, 727, 729, 730, 734, 735], "summary": {"covered_lines": 67, "num_statements": 74, "percent_covered": 90.54054054054055, "percent_covered_display": "91", "missing_lines": 7, "excluded_lines": 0, "percent_statements_covered": 90.54054054054055, "percent_statements_covered_display": "91"}, "missing_lines": [646, 647, 651, 669, 698, 701, 718], "excluded_lines": [], "start_line": 525}, "": {"executed_lines": [8, 9, 10, 11, 13, 15, 18, 21, 22, 23, 24, 25, 26, 27, 28, 29, 30, 31, 32, 33, 34, 35, 38, 41, 42, 43, 44, 47, 50, 51, 52, 53, 54, 55, 56, 57, 60, 61, 68, 69, 70, 71, 72, 73, 74, 75, 76, 78, 84, 85, 92, 93, 94, 95, 96, 97, 98, 99, 101, 102, 525, 536, 545, 612, 661, 671, 677, 682, 705, 722, 732, 739], "summary": {"covered_lines": 72, "num_statements": 72, "percent_covered": 100.0, "percent_covered_display": "100", "missing_lines": 0, "excluded_lines": 0, "percent_statements_covered": 100.0, "percent_statements_covered_display": "100"}, "missing_lines": [], "excluded_lines": [], "start_line": 1}}}, "ralphfish/report_generator.py": {"executed_lines": [14, 15, 16, 17, 19, 20, 22, 23, 26, 34, 45, 46, 47, 49, 50, 58, 64, 88, 90, 91, 96, 99, 102, 103, 105, 107, 120, 125, 154, 155, 158, 159, 161, 167, 168, 171, 172, 173, 174, 176, 178, 179, 180, 181, 182, 183, 184, 185, 192, 194, 212, 213, 214, 215, 216, 219, 220, 223, 226, 227, 228, 229, 235, 236, 237, 239, 286, 288, 290, 457, 459, 485, 487, 529, 556, 559, 560, 561, 563, 566], "summary": {"covered_lines": 80, "num_statements": 86, "percent_covered": 93.02325581395348, "percent_covered_display": "93", "missing_lines": 6, "excluded_lines": 0, "percent_statements_covered": 93.02325581395348, "percent_statements_covered_display": "93"}, "missing_lines": [100, 186, 188, 190, 557, 564], "excluded_lines": [], "functions": {"ReportGenerator.__init__": {"executed_lines": [45, 46, 47, 49, 50, 58], "summary": {"covered_lines": 6, "num_statements": 6, "percent_covered": 100.0, "percent_covered_display": "100", "missing_lines": 0, "excluded_lines": 0, "percent_statements_covered": 100.0, "percent_statements_covered_display": "100"}, "missing_lines": [], "excluded_lines": [], "start_line": 34}, "ReportGenerator.generate": {"executed_lines": [88, 90, 91, 96, 99, 102, 103, 105], "summary": {"covered_lines": 8, "num_statements": 9, "percent_covered": 88.88888888888889, "percent_covered_display": "89", "missing_lines": 1, "excluded_lines": 0, "percent_statements_covered": 88.88888888888889, "percent_statements_covered_display": "89"}, "missing_lines": [100], "excluded_lines": [], "start_line": 64}, "ReportGenerator.generate_all_formats": {"executed_lines": [120], "summary": {"covered_lines": 1, "num_statements": 1, "percent_covered": 100.0, "percent_covered_display": "100", "missing_lines": 0, "excluded_lines": 0, "percent_statements_covered": 100.0, "percent_statements_covered_display": "100"}, "missing_lines": [], "excluded_lines": [], "start_line": 107}, "ReportGenerator.export": {"executed_lines": [154, 155, 158, 159, 161, 167, 168, 171, 172, 173, 174, 176, 178, 179, 180, 181, 182, 183, 184, 185, 192], "summary": {"covered_lines": 21, "num_statements": 24, "percent_covered": 87.5, "percent_covered_display": "88", "missing_lines": 3, "excluded_lines": 0, "percent_statements_covered": 87.5, "percent_statements_covered_display": "88"}, "missing_lines": [186, 188, 190], "excluded_lines": [], "start_line": 125}, "ReportGenerator._prepare_context": {"executed_lines": [212, 213, 214, 215, 216, 219, 220, 223, 226, 227, 228, 229, 235, 236, 237, 239, 286], "summary": {"covered_lines": 17, "num_statements": 17, "percent_covered": 100.0, "percent_covered_display": "100", "missing_lines": 0, "excluded_lines": 0, "percent_statements_covered": 100.0, "percent_statements_covered_display": "100"}, "missing_lines": [], "excluded_lines": [], "start_line": 194}, "ReportGenerator._default_markdown_template": {"executed_lines": [290], "summary": {"covered_lines": 1, "num_statements": 1, "percent_covered": 100.0, "percent_covered_display": "100", "missing_lines": 0, "excluded_lines": 0, "percent_statements_covered": 100.0, "percent_statements_covered_display": "100"}, "missing_lines": [], "excluded_lines": [], "start_line": 288}, "ReportGenerator._default_json_template": {"executed_lines": [459], "summary": {"covered_lines": 1, "num_statements": 1, "percent_covered": 100.0, "percent_covered_display": "100", "missing_lines": 0, "excluded_lines": 0, "percent_statements_covered": 100.0, "percent_statements_covered_display": "100"}, "missing_lines": [], "excluded_lines": [], "start_line": 457}, "ReportGenerator._default_yaml_template": {"executed_lines": [487], "summary": {"covered_lines": 1, "num_statements": 1, "percent_covered": 100.0, "percent_covered_display": "100", "missing_lines": 0, "excluded_lines": 0, "percent_statements_covered": 100.0, "percent_statements_covered_display": "100"}, "missing_lines": [], "excluded_lines": [], "start_line": 485}, "generate_report": {"executed_lines": [556, 559, 560, 561, 563, 566], "summary": {"covered_lines": 6, "num_statements": 8, "percent_covered": 75.0, "percent_covered_display": "75", "missing_lines": 2, "excluded_lines": 0, "percent_statements_covered": 75.0, "percent_statements_covered_display": "75"}, "missing_lines": [557, 564], "excluded_lines": [], "start_line": 529}, "": {"executed_lines": [14, 15, 16, 17, 19, 20, 22, 23, 26, 34, 64, 107, 125, 194, 288, 457, 485, 529], "summary": {"covered_lines": 18, "num_statements": 18, "percent_covered": 100.0, "percent_covered_display": "100", "missing_lines": 0, "excluded_lines": 0, "percent_statements_covered": 100.0, "percent_statements_covered_display": "100"}, "missing_lines": [], "excluded_lines": [], "start_line": 1}}, "classes": {"ReportGenerator": {"executed_lines": [45, 46, 47, 49, 50, 58, 88, 90, 91, 96, 99, 102, 103, 105, 120, 154, 155, 158, 159, 161, 167, 168, 171, 172, 173, 174, 176, 178, 179, 180, 181, 182, 183, 184, 185, 192, 212, 213, 214, 215, 216, 219, 220, 223, 226, 227, 228, 229, 235, 236, 237, 239, 286, 290, 459, 487], "summary": {"covered_lines": 56, "num_statements": 60, "percent_covered": 93.33333333333333, "percent_covered_display": "93", "missing_lines": 4, "excluded_lines": 0, "percent_statements_covered": 93.33333333333333, "percent_statements_covered_display": "93"}, "missing_lines": [100, 186, 188, 190], "excluded_lines": [], "start_line": 26}, "": {"executed_lines": [14, 15, 16, 17, 19, 20, 22, 23, 26, 34, 64, 107, 125, 194, 288, 457, 485, 529, 556, 559, 560, 561, 563, 566], "summary": {"covered_lines": 24, "num_statements": 26, "percent_covered": 92.3076923076923, "percent_covered_display": "92", "missing_lines": 2, "excluded_lines": 0, "percent_statements_covered": 92.3076923076923, "percent_statements_covered_display": "92"}, "missing_lines": [557, 564], "excluded_lines": [], "start_line": 1}}}, "ralphfish/synthesizer.py": {"executed_lines": [16, 17, 18, 19, 21, 23, 31, 34, 39, 40, 41, 42, 43, 46, 48, 49, 51, 54, 59, 60, 61, 64, 70, 73, 74, 75, 78, 81, 82, 83, 84, 87, 89, 91, 93, 95, 104, 107, 118, 132, 133, 134, 136, 146, 147, 157, 158, 161, 164, 171, 174, 177, 178, 190, 191, 192, 194, 195, 198, 200, 201, 207, 210, 215, 216, 217, 222, 237, 246, 248, 268, 271, 273, 274, 275, 280, 282, 284, 286, 297, 299, 301, 304, 306, 307, 309, 312, 313, 315, 317, 318, 320, 324, 325, 326, 327, 329, 341, 343, 345, 346, 347, 349, 350, 353, 354, 356, 357, 363, 365, 375, 377, 379, 396, 397, 399, 401, 402, 403, 405, 406, 407, 409, 415, 416, 417, 420, 421, 425, 432, 434], "summary": {"covered_lines": 131, "num_statements": 136, "percent_covered": 96.32352941176471, "percent_covered_display": "96", "missing_lines": 5, "excluded_lines": 0, "percent_statements_covered": 96.32352941176471, "percent_statements_covered_display": "96"}, "missing_lines": [50, 197, 204, 276, 413], "excluded_lines": [], "functions": {"SynthesizedFact.get_agreement_ratio": {"executed_lines": [48, 49, 51], "summary": {"covered_lines": 3, "num_statements": 4, "percent_covered": 75.0, "percent_covered_display": "75", "missing_lines": 1, "excluded_lines": 0, "percent_statements_covered": 75.0, "percent_statements_covered_display": "75"}, "missing_lines": [50], "excluded_lines": [], "start_line": 46}, "SynthesisReport.to_dict": {"executed_lines": [91], "summary": {"covered_lines": 1, "num_statements": 1, "percent_covered": 100.0, "percent_covered_display": "100", "missing_lines": 0, "excluded_lines": 0, "percent_statements_covered": 100.0, "percent_statements_covered_display": "100"}, "missing_lines": [], "excluded_lines": [], "start_line": 89}, "SynthesisReport.get_summary": {"executed_lines": [95, 104], "summary": {"covered_lines": 2, "num_statements": 2, "percent_covered": 100.0, "percent_covered_display": "100", "missing_lines": 0, "excluded_lines": 0, "percent_statements_covered": 100.0, "percent_statements_covered_display": "100"}, "missing_lines": [], "excluded_lines": [], "start_line": 93}, "PredictionSynthesizer.__init__": {"executed_lines": [132, 133, 134], "summary": {"covered_lines": 3, "num_statements": 3, "percent_covered": 100.0, "percent_covered_display": "100", "missing_lines": 0, "excluded_lines": 0, "percent_statements_covered": 100.0, "percent_statements_covered_display": "100"}, "missing_lines": [], "excluded_lines": [], "start_line": 118}, "PredictionSynthesizer.synthesize": {"executed_lines": [146, 147, 157, 158, 161, 164, 171, 174, 177, 178, 190, 191, 192, 194, 195, 198, 200, 201, 207, 210, 215, 216, 217, 222, 237, 246], "summary": {"covered_lines": 26, "num_statements": 28, "percent_covered": 92.85714285714286, "percent_covered_display": "93", "missing_lines": 2, "excluded_lines": 0, "percent_statements_covered": 92.85714285714286, "percent_statements_covered_display": "93"}, "missing_lines": [197, 204], "excluded_lines": [], "start_line": 136}, "PredictionSynthesizer._extract_facts_from_messages": {"executed_lines": [268, 271, 273, 274, 275, 280, 282, 284, 286, 297, 299], "summary": {"covered_lines": 11, "num_statements": 12, "percent_covered": 91.66666666666667, "percent_covered_display": "92", "missing_lines": 1, "excluded_lines": 0, "percent_statements_covered": 91.66666666666667, "percent_statements_covered_display": "92"}, "missing_lines": [276], "excluded_lines": [], "start_line": 248}, "PredictionSynthesizer._split_into_sentences": {"executed_lines": [304, 306, 307], "summary": {"covered_lines": 3, "num_statements": 3, "percent_covered": 100.0, "percent_covered_display": "100", "missing_lines": 0, "excluded_lines": 0, "percent_statements_covered": 100.0, "percent_statements_covered_display": "100"}, "missing_lines": [], "excluded_lines": [], "start_line": 301}, "PredictionSynthesizer._generate_fact_key": {"executed_lines": [312, 313, 315, 317, 318], "summary": {"covered_lines": 5, "num_statements": 5, "percent_covered": 100.0, "percent_covered_display": "100", "missing_lines": 0, "excluded_lines": 0, "percent_statements_covered": 100.0, "percent_statements_covered_display": "100"}, "missing_lines": [], "excluded_lines": [], "start_line": 309}, "PredictionSynthesizer._group_facts_by_key": {"executed_lines": [324, 325, 326, 327], "summary": {"covered_lines": 4, "num_statements": 4, "percent_covered": 100.0, "percent_covered_display": "100", "missing_lines": 0, "excluded_lines": 0, "percent_statements_covered": 100.0, "percent_statements_covered_display": "100"}, "missing_lines": [], "excluded_lines": [], "start_line": 320}, "PredictionSynthesizer._compute_fact_synthesis": {"executed_lines": [341, 343, 345, 346, 347, 349, 350, 353, 354, 356, 357, 363, 365, 375, 377], "summary": {"covered_lines": 15, "num_statements": 15, "percent_covered": 100.0, "percent_covered_display": "100", "missing_lines": 0, "excluded_lines": 0, "percent_statements_covered": 100.0, "percent_statements_covered_display": "100"}, "missing_lines": [], "excluded_lines": [], "start_line": 329}, "PredictionSynthesizer._compute_agent_alignments": {"executed_lines": [396, 397, 399, 401, 402, 403, 405, 406, 407, 409, 415, 416, 417, 420, 421, 425, 432, 434], "summary": {"covered_lines": 18, "num_statements": 19, "percent_covered": 94.73684210526316, "percent_covered_display": "95", "missing_lines": 1, "excluded_lines": 0, "percent_statements_covered": 94.73684210526316, "percent_statements_covered_display": "95"}, "missing_lines": [413], "excluded_lines": [], "start_line": 379}, "": {"executed_lines": [16, 17, 18, 19, 21, 23, 31, 34, 39, 40, 41, 42, 43, 46, 54, 59, 60, 61, 64, 70, 73, 74, 75, 78, 81, 82, 83, 84, 87, 89, 93, 107, 118, 136, 248, 301, 309, 320, 329, 379], "summary": {"covered_lines": 40, "num_statements": 40, "percent_covered": 100.0, "percent_covered_display": "100", "missing_lines": 0, "excluded_lines": 0, "percent_statements_covered": 100.0, "percent_statements_covered_display": "100"}, "missing_lines": [], "excluded_lines": [], "start_line": 1}}, "classes": {"SynthesizedFact": {"executed_lines": [48, 49, 51], "summary": {"covered_lines": 3, "num_statements": 4, "percent_covered": 75.0, "percent_covered_display": "75", "missing_lines": 1, "excluded_lines": 0, "percent_statements_covered": 75.0, "percent_statements_covered_display": "75"}, "missing_lines": [50], "excluded_lines": [], "start_line": 34}, "AgentAlignment": {"executed_lines": [], "summary": {"covered_lines": 0, "num_statements": 0, "percent_covered": 100.0, "percent_covered_display": "100", "missing_lines": 0, "excluded_lines": 0, "percent_statements_covered": 100.0, "percent_statements_covered_display": "100"}, "missing_lines": [], "excluded_lines": [], "start_line": 54}, "SynthesisReport": {"executed_lines": [91, 95, 104], "summary": {"covered_lines": 3, "num_statements": 3, "percent_covered": 100.0, "percent_covered_display": "100", "missing_lines": 0, "excluded_lines": 0, "percent_statements_covered": 100.0, "percent_statements_covered_display": "100"}, "missing_lines": [], "excluded_lines": [], "start_line": 64}, "PredictionSynthesizer": {"executed_lines": [132, 133, 134, 146, 147, 157, 158, 161, 164, 171, 174, 177, 178, 190, 191, 192, 194, 195, 198, 200, 201, 207, 210, 215, 216, 217, 222, 237, 246, 268, 271, 273, 274, 275, 280, 282, 284, 286, 297, 299, 304, 306, 307, 312, 313, 315, 317, 318, 324, 325, 326, 327, 341, 343, 345, 346, 347, 349, 350, 353, 354, 356, 357, 363, 365, 375, 377, 396, 397, 399, 401, 402, 403, 405, 406, 407, 409, 415, 416, 417, 420, 421, 425, 432, 434], "summary": {"covered_lines": 85, "num_statements": 89, "percent_covered": 95.50561797752809, "percent_covered_display": "96", "missing_lines": 4, "excluded_lines": 0, "percent_statements_covered": 95.50561797752809, "percent_statements_covered_display": "96"}, "missing_lines": [197, 204, 276, 413], "excluded_lines": [], "start_line": 107}, "": {"executed_lines": [16, 17, 18, 19, 21, 23, 31, 34, 39, 40, 41, 42, 43, 46, 54, 59, 60, 61, 64, 70, 73, 74, 75, 78, 81, 82, 83, 84, 87, 89, 93, 107, 118, 136, 248, 301, 309, 320, 329, 379], "summary": {"covered_lines": 40, "num_statements": 40, "percent_covered": 100.0, "percent_covered_display": "100", "missing_lines": 0, "excluded_lines": 0, "percent_statements_covered": 100.0, "percent_statements_covered_display": "100"}, "missing_lines": [], "excluded_lines": [], "start_line": 1}}}}, "totals": {"covered_lines": 812, "num_statements": 901, "percent_covered": 90.12208657047725, "percent_covered_display": "90", "missing_lines": 89, "excluded_lines": 0, "percent_statements_covered": 90.12208657047725, "percent_statements_covered_display": "90"}}